2021-01-06 01:33:35.294  INFO 34339 --- [main] ink.across.web.AcrossApplication         : Starting AcrossApplication using Java 12 on Macbook-Pro.local with PID 34339 (/Users/zhenglishan/backend/target/classes started by zhenglishan in /Users/zhenglishan/backend)
2021-01-06 01:33:35.296  INFO 34339 --- [main] ink.across.web.AcrossApplication         : No active profile set, falling back to default profiles: default
2021-01-06 01:33:35.832  INFO 34339 --- [main] .s.d.r.c.RepositoryConfigurationDelegate : Bootstrapping Spring Data JPA repositories in DEFAULT mode.
2021-01-06 01:33:35.845  INFO 34339 --- [main] .s.d.r.c.RepositoryConfigurationDelegate : Finished Spring Data repository scanning in 6 ms. Found 0 JPA repository interfaces.
2021-01-06 01:33:36.241  INFO 34339 --- [main] o.s.b.w.embedded.tomcat.TomcatWebServer  : Tomcat initialized with port(s): 8080 (http)
2021-01-06 01:33:36.248  INFO 34339 --- [main] o.apache.catalina.core.StandardService   : Starting service [Tomcat]
2021-01-06 01:33:36.248  INFO 34339 --- [main] org.apache.catalina.core.StandardEngine  : Starting Servlet engine: [Apache Tomcat/9.0.41]
2021-01-06 01:33:36.332  INFO 34339 --- [main] o.a.c.c.C.[Tomcat].[localhost].[/]       : Initializing Spring embedded WebApplicationContext
2021-01-06 01:33:36.332  INFO 34339 --- [main] w.s.c.ServletWebServerApplicationContext : Root WebApplicationContext: initialization completed in 1003 ms
2021-01-06 01:33:36.434  INFO 34339 --- [main] com.zaxxer.hikari.HikariDataSource       : HikariPool-1 - Starting...
2021-01-06 01:33:41.271  INFO 34339 --- [main] com.zaxxer.hikari.HikariDataSource       : HikariPool-1 - Start completed.
2021-01-06 01:33:41.306  INFO 34339 --- [main] o.hibernate.jpa.internal.util.LogHelper  : HHH000204: Processing PersistenceUnitInfo [name: default]
2021-01-06 01:33:41.337  INFO 34339 --- [main] org.hibernate.Version                    : HHH000412: Hibernate ORM core version 5.4.25.Final
2021-01-06 01:33:41.419  INFO 34339 --- [main] o.hibernate.annotations.common.Version   : HCANN000001: Hibernate Commons Annotations {5.1.2.Final}
2021-01-06 01:33:41.505  INFO 34339 --- [main] org.hibernate.dialect.Dialect            : HHH000400: Using dialect: org.hibernate.dialect.MySQL8Dialect
2021-01-06 01:33:41.667  INFO 34339 --- [main] o.h.e.t.j.p.i.JtaPlatformInitiator       : HHH000490: Using JtaPlatform implementation: [org.hibernate.engine.transaction.jta.platform.internal.NoJtaPlatform]
2021-01-06 01:33:41.676  INFO 34339 --- [main] j.LocalContainerEntityManagerFactoryBean : Initialized JPA EntityManagerFactory for persistence unit 'default'
2021-01-06 01:33:41.843  WARN 34339 --- [main] JpaBaseConfiguration$JpaWebConfiguration : spring.jpa.open-in-view is enabled by default. Therefore, database queries may be performed during view rendering. Explicitly configure spring.jpa.open-in-view to disable this warning
2021-01-06 01:33:41.926  INFO 34339 --- [main] o.s.s.concurrent.ThreadPoolTaskExecutor  : Initializing ExecutorService 'applicationTaskExecutor'
2021-01-06 01:33:42.115  WARN 34339 --- [main] ConfigServletWebServerApplicationContext : Exception encountered during context initialization - cancelling refresh attempt: org.springframework.context.ApplicationContextException: Failed to start bean 'webServerStartStop'; nested exception is org.springframework.boot.web.server.PortInUseException: Port 8080 is already in use
2021-01-06 01:33:42.116  INFO 34339 --- [main] o.s.s.concurrent.ThreadPoolTaskExecutor  : Shutting down ExecutorService 'applicationTaskExecutor'
2021-01-06 01:33:42.117  INFO 34339 --- [main] j.LocalContainerEntityManagerFactoryBean : Closing JPA EntityManagerFactory for persistence unit 'default'
2021-01-06 01:33:42.119  INFO 34339 --- [main] com.zaxxer.hikari.HikariDataSource       : HikariPool-1 - Shutdown initiated...
2021-01-06 01:33:47.758  INFO 34339 --- [main] com.zaxxer.hikari.HikariDataSource       : HikariPool-1 - Shutdown completed.
2021-01-06 01:33:47.761  INFO 34339 --- [main] o.apache.catalina.core.StandardService   : Stopping service [Tomcat]
2021-01-06 01:33:47.772  INFO 34339 --- [main] ConditionEvaluationReportLoggingListener : 

Error starting ApplicationContext. To display the conditions report re-run your application with 'debug' enabled.
2021-01-06 01:33:47.782 ERROR 34339 --- [main] o.s.b.d.LoggingFailureAnalysisReporter   : 

***************************
APPLICATION FAILED TO START
***************************

Description:

Web server failed to start. Port 8080 was already in use.

Action:

Identify and stop the process that's listening on port 8080 or configure this application to listen on another port.

